[debug] [2024-01-07T05:33:08.922Z] ----------------------------------------------------------------------
[debug] [2024-01-07T05:33:08.923Z] Command:       C:\Program Files\nodejs\node.exe C:\Program Files\nodejs\node_modules\firebase-tools\lib\bin\firebase.js init functions
[debug] [2024-01-07T05:33:08.923Z] CLI Version:   11.15.0
[debug] [2024-01-07T05:33:08.923Z] Platform:      win32
[debug] [2024-01-07T05:33:08.923Z] Node Version:  v16.18.0
[debug] [2024-01-07T05:33:08.924Z] Time:          Sun Jan 07 2024 00:33:08 GMT-0500 (Eastern Standard Time)
[debug] [2024-01-07T05:33:08.924Z] ----------------------------------------------------------------------
[debug] 
[debug] [2024-01-07T05:33:08.931Z] >>> [apiv2][query] GET https://firebase-public.firebaseio.com/cli.json [none]
[debug] [2024-01-07T05:33:08.985Z] > command requires scopes: ["email","openid","https://www.googleapis.com/auth/cloudplatformprojects.readonly","https://www.googleapis.com/auth/firebase","https://www.googleapis.com/auth/cloud-platform"]
[debug] [2024-01-07T05:33:08.985Z] > authorizing via signed-in user (arthurlschell@gmail.com)
[info] 
     ######## #### ########  ######## ########     ###     ######  ########
     ##        ##  ##     ## ##       ##     ##  ##   ##  ##       ##
     ######    ##  ########  ######   ########  #########  ######  ######
     ##        ##  ##    ##  ##       ##     ## ##     ##       ## ##
     ##       #### ##     ## ######## ########  ##     ##  ######  ########

You're about to initialize a Firebase project in this directory:

  C:\Users\arthu\Documents\Games\banner-writer

Before we get started, keep in mind:

  * You are initializing within an existing Firebase project directory

[debug] [2024-01-07T05:33:09.160Z] <<< [apiv2][status] GET https://firebase-public.firebaseio.com/cli.json 200
[debug] [2024-01-07T05:33:09.161Z] <<< [apiv2][body] GET https://firebase-public.firebaseio.com/cli.json {"cloudBuildErrorAfter":1594252800000,"cloudBuildWarnAfter":1590019200000,"defaultNode10After":1594252800000,"minVersion":"3.0.5","node8DeploysDisabledAfter":1613390400000,"node8RuntimeDisabledAfter":1615809600000,"node8WarnAfter":1600128000000}
[info] 
=== Project Setup
[info] 
[info] First, let's associate this project directory with a Firebase project.
[info] You can create multiple project aliases by running firebase use --add, 
[info] but for now we'll just set up a default project.
[info] 
[debug] [2024-01-07T05:33:18.420Z] Using project from CLI flag: banner-writer
[debug] [2024-01-07T05:33:18.421Z] > refreshing access token with scopes: []
[debug] [2024-01-07T05:33:18.423Z] >>> [apiv2][query] POST https://www.googleapis.com/oauth2/v3/token [none]
[debug] [2024-01-07T05:33:18.423Z] >>> [apiv2][body] POST https://www.googleapis.com/oauth2/v3/token [omitted]
[debug] [2024-01-07T05:33:18.612Z] <<< [apiv2][status] POST https://www.googleapis.com/oauth2/v3/token 200
[debug] [2024-01-07T05:33:18.612Z] <<< [apiv2][body] POST https://www.googleapis.com/oauth2/v3/token [omitted]
[debug] [2024-01-07T05:33:18.673Z] >>> [apiv2][query] GET https://firebase.googleapis.com/v1beta1/projects/banner-writer [none]
[debug] [2024-01-07T05:33:18.951Z] <<< [apiv2][status] GET https://firebase.googleapis.com/v1beta1/projects/banner-writer 200
[debug] [2024-01-07T05:33:18.952Z] <<< [apiv2][body] GET https://firebase.googleapis.com/v1beta1/projects/banner-writer {"projectId":"banner-writer","projectNumber":"664061214251","displayName":"banner-writer","name":"projects/banner-writer","resources":{"hostingSite":"banner-writer"},"state":"ACTIVE","etag":"1_3096a875-6f36-4083-82e6-36717b80345f"}
[info] i  Using project banner-writer (banner-writer) 
[info] 
=== Functions Setup
[debug] [2024-01-07T05:33:18.998Z] > command requires scopes: ["email","openid","https://www.googleapis.com/auth/cloudplatformprojects.readonly","https://www.googleapis.com/auth/firebase","https://www.googleapis.com/auth/cloud-platform"]
[debug] [2024-01-07T05:33:18.999Z] > authorizing via signed-in user (arthurlschell@gmail.com)
[debug] [2024-01-07T05:33:18.999Z] [iam] checking project banner-writer for permissions ["firebase.projects.get"]
[debug] [2024-01-07T05:33:19.000Z] >>> [apiv2][query] POST https://cloudresourcemanager.googleapis.com/v1/projects/banner-writer:testIamPermissions [none]
[debug] [2024-01-07T05:33:19.000Z] >>> [apiv2][(partial)header] POST https://cloudresourcemanager.googleapis.com/v1/projects/banner-writer:testIamPermissions x-goog-quota-user=projects/banner-writer
[debug] [2024-01-07T05:33:19.001Z] >>> [apiv2][body] POST https://cloudresourcemanager.googleapis.com/v1/projects/banner-writer:testIamPermissions {"permissions":["firebase.projects.get"]}
[debug] [2024-01-07T05:33:19.195Z] <<< [apiv2][status] POST https://cloudresourcemanager.googleapis.com/v1/projects/banner-writer:testIamPermissions 200
[debug] [2024-01-07T05:33:19.196Z] <<< [apiv2][body] POST https://cloudresourcemanager.googleapis.com/v1/projects/banner-writer:testIamPermissions {"permissions":["firebase.projects.get"]}
[debug] [2024-01-07T05:33:19.198Z] >>> [apiv2][query] GET https://serviceusage.googleapis.com/v1/projects/banner-writer/services/cloudfunctions.googleapis.com [none]
[debug] [2024-01-07T05:33:19.199Z] >>> [apiv2][(partial)header] GET https://serviceusage.googleapis.com/v1/projects/banner-writer/services/cloudfunctions.googleapis.com x-goog-quota-user=projects/banner-writer
[debug] [2024-01-07T05:33:19.201Z] >>> [apiv2][query] GET https://serviceusage.googleapis.com/v1/projects/banner-writer/services/runtimeconfig.googleapis.com [none]
[debug] [2024-01-07T05:33:19.201Z] >>> [apiv2][(partial)header] GET https://serviceusage.googleapis.com/v1/projects/banner-writer/services/runtimeconfig.googleapis.com x-goog-quota-user=projects/banner-writer
[debug] [2024-01-07T05:33:19.638Z] <<< [apiv2][status] GET https://serviceusage.googleapis.com/v1/projects/banner-writer/services/runtimeconfig.googleapis.com 200
[debug] [2024-01-07T05:33:19.639Z] <<< [apiv2][body] GET https://serviceusage.googleapis.com/v1/projects/banner-writer/services/runtimeconfig.googleapis.com [omitted]
[debug] [2024-01-07T05:33:19.640Z] <<< [apiv2][status] GET https://serviceusage.googleapis.com/v1/projects/banner-writer/services/cloudfunctions.googleapis.com 200
[debug] [2024-01-07T05:33:19.641Z] <<< [apiv2][body] GET https://serviceusage.googleapis.com/v1/projects/banner-writer/services/cloudfunctions.googleapis.com [omitted]
[debug] [2024-01-07T05:33:19.642Z] >>> [apiv2][query] POST https://serviceusage.googleapis.com/v1/projects/banner-writer/services/cloudfunctions.googleapis.com:enable [none]
[debug] [2024-01-07T05:33:19.642Z] >>> [apiv2][(partial)header] POST https://serviceusage.googleapis.com/v1/projects/banner-writer/services/cloudfunctions.googleapis.com:enable x-goog-quota-user=projects/banner-writer
[debug] [2024-01-07T05:33:20.662Z] <<< [apiv2][status] POST https://serviceusage.googleapis.com/v1/projects/banner-writer/services/cloudfunctions.googleapis.com:enable 200
[debug] [2024-01-07T05:33:20.662Z] <<< [apiv2][body] POST https://serviceusage.googleapis.com/v1/projects/banner-writer/services/cloudfunctions.googleapis.com:enable [omitted]
[debug] [2024-01-07T05:33:30.677Z] >>> [apiv2][query] GET https://serviceusage.googleapis.com/v1/projects/banner-writer/services/cloudfunctions.googleapis.com [none]
[debug] [2024-01-07T05:33:30.677Z] >>> [apiv2][(partial)header] GET https://serviceusage.googleapis.com/v1/projects/banner-writer/services/cloudfunctions.googleapis.com x-goog-quota-user=projects/banner-writer
[debug] [2024-01-07T05:33:31.012Z] <<< [apiv2][status] GET https://serviceusage.googleapis.com/v1/projects/banner-writer/services/cloudfunctions.googleapis.com 200
[debug] [2024-01-07T05:33:31.012Z] <<< [apiv2][body] GET https://serviceusage.googleapis.com/v1/projects/banner-writer/services/cloudfunctions.googleapis.com [omitted]
[info] Let's create a new codebase for your functions.
[info] A directory corresponding to the codebase will be created in your project
[info] with sample code pre-configured.

[info] See https://firebase.google.com/docs/functions/organize-functions for
[info] more information on organizing your functions using codebases.

[info] Functions can be deployed with firebase deploy.

[info] +  Wrote functions/package.json 
[info] +  Wrote functions/tsconfig.json 
[info] +  Wrote functions/src/index.ts 
[info] +  Wrote functions/.gitignore 
